{"level":"info","ts":"2024-09-08T05:09:33.593Z","msg":"Redis connected successfully","AppName":"myApp","LoggerName":"Zap","SubCategory":"Migration","Category":"Redis"}
{"level":"info","ts":"2024-09-08T05:09:33.594Z","msg":"Redis is already configured","AppName":"myApp","LoggerName":"Zap","Category":"Redis","SubCategory":"Migration"}
{"level":"info","ts":"2024-09-08T05:09:33.627Z","msg":"Postgres connected successfully","AppName":"myApp","LoggerName":"Zap","Category":"Postgres","SubCategory":"Migration"}
{"level":"info","ts":"2024-09-08T05:10:13.947Z","msg":"","AppName":"myApp","LoggerName":"Zap","SubCategory":"Api","Path":"/swagger/index.html","Latency":0.000133508,"Category":"RequestResponse"}
{"level":"info","ts":"2024-09-08T05:10:15.356Z","msg":"","AppName":"myApp","LoggerName":"Zap","Category":"RequestResponse","SubCategory":"Api","Path":"/swagger/swagger-ui.css","Latency":0.00277098}
{"level":"info","ts":"2024-09-08T05:10:15.390Z","msg":"","AppName":"myApp","LoggerName":"Zap","Path":"/swagger/swagger-ui-bundle.js","Latency":0.009187563,"Category":"RequestResponse","SubCategory":"Api"}
{"level":"info","ts":"2024-09-08T05:10:15.396Z","msg":"","AppName":"myApp","LoggerName":"Zap","Path":"/swagger/swagger-ui-standalone-preset.js","Latency":0.005373715,"Category":"RequestResponse","SubCategory":"Api"}
{"level":"info","ts":"2024-09-08T05:10:15.774Z","msg":"","AppName":"myApp","LoggerName":"Zap","Path":"/swagger/doc.json","Latency":0.000589307,"Category":"RequestResponse","SubCategory":"Api"}
{"level":"info","ts":"2024-09-08T05:10:16.545Z","msg":"","AppName":"myApp","LoggerName":"Zap","Path":"/swagger/favicon-32x32.png","Latency":0.000043795,"Category":"RequestResponse","SubCategory":"Api"}
{"level":"info","ts":"2024-09-08T05:10:43.077Z","msg":"failed to get from redis:[redis: nil]","AppName":"myApp","LoggerName":"Zap"}
{"level":"info","ts":"2024-09-08T05:10:43.077Z","msg":"redis: nil","AppName":"myApp","LoggerName":"Zap","SubCategory":"Select","Category":"OTP"}
{"level":"info","ts":"2024-09-08T05:10:43.077Z","msg":"","AppName":"myApp","LoggerName":"Zap","Path":"/api/register-login-mobile","Latency":0.015573168,"Category":"RequestResponse","SubCategory":"Api"}
{"level":"info","ts":"2024-09-08T05:10:47.590Z","msg":"failed to get from redis:[redis: nil]","AppName":"myApp","LoggerName":"Zap"}
{"level":"info","ts":"2024-09-08T05:10:47.590Z","msg":"redis: nil","AppName":"myApp","LoggerName":"Zap","Category":"OTP","SubCategory":"Select"}
{"level":"info","ts":"2024-09-08T05:10:47.590Z","msg":"","AppName":"myApp","LoggerName":"Zap","Path":"/api/register-login-mobile","Latency":0.012581572,"Category":"RequestResponse","SubCategory":"Api"}
{"level":"info","ts":"2024-09-08T05:11:02.551Z","msg":"failed to get from redis:[redis: nil]","AppName":"myApp","LoggerName":"Zap"}
{"level":"info","ts":"2024-09-08T05:11:02.554Z","msg":"data set successfully","AppName":"myApp","LoggerName":"Zap","Category":"Internal","SubCategory":"Insert"}
{"level":"info","ts":"2024-09-08T05:11:02.554Z","msg":"","AppName":"myApp","LoggerName":"Zap","Path":"/api/send-otp","Latency":0.008181739,"Category":"RequestResponse","SubCategory":"Api"}
{"level":"info","ts":"2024-09-08T05:11:12.424Z","msg":"result is:[{948753 false}]","AppName":"myApp","LoggerName":"Zap"}
{"level":"info","ts":"2024-09-08T05:11:12.424Z","msg":"data set successfully","AppName":"myApp","LoggerName":"Zap","Category":"Internal","SubCategory":"Insert"}
{"level":"info","ts":"2024-09-08T05:11:12.453Z","msg":"","AppName":"myApp","LoggerName":"Zap","Path":"/api/register-login-mobile","Latency":0.043764549,"Category":"RequestResponse","SubCategory":"Api"}
