{"level":"info","ts":"2024-07-02T04:11:44.801Z","msg":"Redis connected successfully","AppName":"myApp","LoggerName":"Zap","Category":"Redis","SubCategory":"Migration"}
{"level":"info","ts":"2024-07-02T04:11:44.802Z","msg":"Redis is already configured","AppName":"myApp","LoggerName":"Zap","Category":"Redis","SubCategory":"Migration"}
{"level":"info","ts":"2024-07-02T04:11:44.975Z","msg":"Postgres connected successfully","AppName":"myApp","LoggerName":"Zap","Category":"Postgres","SubCategory":"Migration"}
{"level":"info","ts":"2024-07-02T04:15:15.758Z","msg":"","AppName":"myApp","LoggerName":"Zap","Latency":0.050210814,"Category":"RequestResponse","SubCategory":"Api","Path":"/api/c/create"}
{"level":"info","ts":"2024-07-02T04:17:55.298Z","msg":"","AppName":"myApp","LoggerName":"Zap","Category":"RequestResponse","SubCategory":"Api","Path":"/api/claim","Latency":0.000050102}
{"level":"info","ts":"2024-07-02T04:17:56.378Z","msg":"","AppName":"myApp","LoggerName":"Zap","Category":"RequestResponse","SubCategory":"Api","Path":"/api/claim","Latency":0.000021527}
{"level":"info","ts":"2024-07-02T04:17:57.415Z","msg":"","AppName":"myApp","LoggerName":"Zap","SubCategory":"Api","Path":"/api/claim","Latency":0.000023503,"Category":"RequestResponse"}
{"level":"info","ts":"2024-07-02T04:18:16.017Z","msg":"","AppName":"myApp","LoggerName":"Zap","Latency":0.000754352,"Category":"RequestResponse","SubCategory":"Api","Path":"/api/claim"}
{"level":"info","ts":"2024-07-02T04:18:17.330Z","msg":"","AppName":"myApp","LoggerName":"Zap","Path":"/api/claim","Latency":0.000093699,"Category":"RequestResponse","SubCategory":"Api"}
{"level":"info","ts":"2024-07-02T04:18:18.447Z","msg":"","AppName":"myApp","LoggerName":"Zap","Path":"/api/claim","Latency":0.00015201,"Category":"RequestResponse","SubCategory":"Api"}
{"level":"info","ts":"2024-07-02T04:18:21.338Z","msg":"","AppName":"myApp","LoggerName":"Zap","Category":"RequestResponse","SubCategory":"Api","Path":"/api/claim","Latency":0.0001652}
{"level":"info","ts":"2024-07-02T04:18:26.656Z","msg":"","AppName":"myApp","LoggerName":"Zap","SubCategory":"Api","Path":"/api/claim","Latency":0.000357586,"Category":"RequestResponse"}
{"level":"info","ts":"2024-07-02T04:18:34.135Z","msg":"","AppName":"myApp","LoggerName":"Zap","Path":"/api/claim","Latency":0.000171809,"Category":"RequestResponse","SubCategory":"Api"}
{"level":"info","ts":"2024-07-02T04:18:35.637Z","msg":"","AppName":"myApp","LoggerName":"Zap","Path":"/api/claim","Latency":0.000109208,"Category":"RequestResponse","SubCategory":"Api"}
{"level":"info","ts":"2024-07-02T04:18:42.454Z","msg":"","AppName":"myApp","LoggerName":"Zap","Path":"/api/claim","Latency":0.000172818,"Category":"RequestResponse","SubCategory":"Api"}
{"level":"info","ts":"2024-07-02T04:18:44.370Z","msg":"","AppName":"myApp","LoggerName":"Zap","Path":"/api/claim","Latency":0.000242769,"Category":"RequestResponse","SubCategory":"Api"}
{"level":"info","ts":"2024-07-02T04:18:45.494Z","msg":"","AppName":"myApp","LoggerName":"Zap","Path":"/api/claim","Latency":0.000400335,"Category":"RequestResponse","SubCategory":"Api"}
{"level":"info","ts":"2024-07-02T04:18:47.371Z","msg":"","AppName":"myApp","LoggerName":"Zap","Path":"/api/claim","Latency":0.000264696,"Category":"RequestResponse","SubCategory":"Api"}
{"level":"info","ts":"2024-07-02T04:18:49.932Z","msg":"","AppName":"myApp","LoggerName":"Zap","Path":"/api/claim","Latency":0.000295076,"Category":"RequestResponse","SubCategory":"Api"}
{"level":"info","ts":"2024-07-02T04:18:51.801Z","msg":"","AppName":"myApp","LoggerName":"Zap","Path":"/api/claim","Latency":0.000346215,"Category":"RequestResponse","SubCategory":"Api"}
{"level":"info","ts":"2024-07-02T04:20:24.102Z","msg":"","AppName":"myApp","LoggerName":"Zap","Path":"/api/claim","Latency":0.000028399,"Category":"RequestResponse","SubCategory":"Api"}
{"level":"info","ts":"2024-07-02T04:20:25.122Z","msg":"","AppName":"myApp","LoggerName":"Zap","SubCategory":"Api","Path":"/api/claim","Latency":0.000072721,"Category":"RequestResponse"}
{"level":"info","ts":"2024-07-02T04:20:27.727Z","msg":"","AppName":"myApp","LoggerName":"Zap","Path":"/api/claim","Latency":0.000022525,"Category":"RequestResponse","SubCategory":"Api"}
{"level":"info","ts":"2024-07-02T04:20:35.741Z","msg":"","AppName":"myApp","LoggerName":"Zap","Path":"/api/claim","Latency":0.000023288,"Category":"RequestResponse","SubCategory":"Api"}
{"level":"info","ts":"2024-07-02T04:20:37.273Z","msg":"","AppName":"myApp","LoggerName":"Zap","SubCategory":"Api","Path":"/api/claim","Latency":0.000030264,"Category":"RequestResponse"}
{"level":"info","ts":"2024-07-02T04:21:16.048Z","msg":"","AppName":"myApp","LoggerName":"Zap","Path":"/api/claim","Latency":0.000964934,"Category":"RequestResponse","SubCategory":"Api"}
{"level":"info","ts":"2024-07-02T04:21:17.480Z","msg":"","AppName":"myApp","LoggerName":"Zap","SubCategory":"Api","Path":"/api/claim","Latency":0.000306127,"Category":"RequestResponse"}
{"level":"info","ts":"2024-07-02T04:21:20.172Z","msg":"","AppName":"myApp","LoggerName":"Zap","Path":"/api/claim","Latency":0.00057784,"Category":"RequestResponse","SubCategory":"Api"}
{"level":"info","ts":"2024-07-02T04:21:22.815Z","msg":"","AppName":"myApp","LoggerName":"Zap","Path":"/api/claim","Latency":0.000090985,"Category":"RequestResponse","SubCategory":"Api"}
{"level":"info","ts":"2024-07-02T04:22:45.940Z","msg":"","AppName":"myApp","LoggerName":"Zap","Category":"RequestResponse","SubCategory":"Api","Path":"/api/claim","Latency":0.000731762}
{"level":"info","ts":"2024-07-02T04:23:06.847Z","msg":"","AppName":"myApp","LoggerName":"Zap","Path":"/api/c/create","Latency":0.00007482,"Category":"RequestResponse","SubCategory":"Api"}
{"level":"info","ts":"2024-07-02T04:23:08.684Z","msg":"","AppName":"myApp","LoggerName":"Zap","Path":"/api/c/create","Latency":0.000022551,"Category":"RequestResponse","SubCategory":"Api"}
{"level":"info","ts":"2024-07-02T04:41:32.927Z","msg":"","AppName":"myApp","LoggerName":"Zap","Path":"/api/c/create","Latency":0.000031964,"Category":"RequestResponse","SubCategory":"Api"}
{"level":"info","ts":"2024-07-02T04:41:38.573Z","msg":"","AppName":"myApp","LoggerName":"Zap","Path":"/api/c/create","Latency":0.000023381,"Category":"RequestResponse","SubCategory":"Api"}
{"level":"info","ts":"2024-07-02T04:41:40.434Z","msg":"","AppName":"myApp","LoggerName":"Zap","SubCategory":"Api","Path":"/api/c/create","Latency":0.00002271,"Category":"RequestResponse"}
{"level":"info","ts":"2024-07-02T04:41:43.244Z","msg":"","AppName":"myApp","LoggerName":"Zap","Latency":0.000033673,"Category":"RequestResponse","SubCategory":"Api","Path":"/api/c/create"}
{"level":"info","ts":"2024-07-02T04:41:47.075Z","msg":"","AppName":"myApp","LoggerName":"Zap","Path":"/api/c/create","Latency":0.00002465,"Category":"RequestResponse","SubCategory":"Api"}
{"level":"info","ts":"2024-07-02T04:41:49.697Z","msg":"","AppName":"myApp","LoggerName":"Zap","Latency":0.000030612,"Category":"RequestResponse","SubCategory":"Api","Path":"/api/c/create"}
