{"level":"info","ts":"2024-06-24T05:34:28.777Z","msg":"Redis connected successfully","AppName":"myApp","LoggerName":"Zap","Category":"Redis","SubCategory":"Migration"}
{"level":"info","ts":"2024-06-24T05:34:28.778Z","msg":"Redis is already configured","AppName":"myApp","LoggerName":"Zap","SubCategory":"Migration","Category":"Redis"}
{"level":"info","ts":"2024-06-24T05:34:28.791Z","msg":"Postgres connected successfully","AppName":"myApp","LoggerName":"Zap","Category":"Postgres","SubCategory":"Migration"}
{"level":"info","ts":"2024-06-24T05:34:32.889Z","msg":"failed to get from redis:[dial tcp 127.0.0.1:6380: connect: connection refused]","AppName":"myApp","LoggerName":"Zap"}
{"level":"info","ts":"2024-06-24T05:34:32.889Z","msg":"dial tcp 127.0.0.1:6380: connect: connection refused","AppName":"myApp","LoggerName":"Zap","Category":"OTP","SubCategory":"Select"}
{"level":"info","ts":"2024-06-24T05:34:32.889Z","msg":"","AppName":"myApp","LoggerName":"Zap","Path":"/api/register-login-mobile","Latency":0.00050185,"Category":"RequestResponse","SubCategory":"Api"}
{"level":"info","ts":"2024-06-24T05:34:38.633Z","msg":"failed to get from redis:[dial tcp 127.0.0.1:6380: connect: connection refused]","AppName":"myApp","LoggerName":"Zap"}
{"level":"info","ts":"2024-06-24T05:34:38.634Z","msg":"dial tcp 127.0.0.1:6380: connect: connection refused","AppName":"myApp","LoggerName":"Zap","Category":"OTP","SubCategory":"Select"}
{"level":"info","ts":"2024-06-24T05:34:38.634Z","msg":"","AppName":"myApp","LoggerName":"Zap","Path":"/api/register-login-mobile","Latency":0.001581875,"Category":"RequestResponse","SubCategory":"Api"}
{"level":"info","ts":"2024-06-24T05:35:25.563Z","msg":"failed to get from redis:[redis: nil]","AppName":"myApp","LoggerName":"Zap"}
{"level":"info","ts":"2024-06-24T05:35:25.564Z","msg":"redis: nil","AppName":"myApp","LoggerName":"Zap","Category":"OTP","SubCategory":"Select"}
{"level":"info","ts":"2024-06-24T05:35:25.564Z","msg":"","AppName":"myApp","LoggerName":"Zap","Latency":0.00349871,"Category":"RequestResponse","SubCategory":"Api","Path":"/api/register-login-mobile"}
{"level":"info","ts":"2024-06-24T05:35:32.322Z","msg":"failed to get from redis:[redis: nil]","AppName":"myApp","LoggerName":"Zap"}
{"level":"info","ts":"2024-06-24T05:35:32.322Z","msg":"redis: nil","AppName":"myApp","LoggerName":"Zap","Category":"OTP","SubCategory":"Select"}
{"level":"info","ts":"2024-06-24T05:35:32.322Z","msg":"","AppName":"myApp","LoggerName":"Zap","Latency":0.001730123,"Category":"RequestResponse","SubCategory":"Api","Path":"/api/register-login-mobile"}
{"level":"info","ts":"2024-06-24T05:38:34.589Z","msg":"failed to unmarshal:[json: cannot unmarshal number into Go value of type services.OtpCred]","AppName":"myApp","LoggerName":"Zap"}
{"level":"info","ts":"2024-06-24T05:38:34.589Z","msg":"json: cannot unmarshal number into Go value of type services.OtpCred","AppName":"myApp","LoggerName":"Zap","Category":"OTP","SubCategory":"Select"}
{"level":"info","ts":"2024-06-24T05:38:34.589Z","msg":"","AppName":"myApp","LoggerName":"Zap","Path":"/api/register-login-mobile","Latency":0.002451315,"Category":"RequestResponse","SubCategory":"Api"}
{"level":"info","ts":"2024-06-24T05:39:11.540Z","msg":"failed to unmarshal:[json: cannot unmarshal number into Go value of type services.OtpCred]","AppName":"myApp","LoggerName":"Zap"}
{"level":"info","ts":"2024-06-24T05:39:11.541Z","msg":"data set successfully","AppName":"myApp","LoggerName":"Zap","Category":"Internal","SubCategory":"Insert"}
{"level":"info","ts":"2024-06-24T05:39:11.541Z","msg":"","AppName":"myApp","LoggerName":"Zap","Path":"/api/redis/send-otp","Latency":0.003341389,"Category":"RequestResponse","SubCategory":"Api"}
{"level":"info","ts":"2024-06-24T05:40:19.903Z","msg":"failed to get from redis:[redis: nil]","AppName":"myApp","LoggerName":"Zap"}
{"level":"info","ts":"2024-06-24T05:40:19.906Z","msg":"data set successfully","AppName":"myApp","LoggerName":"Zap","Category":"Internal","SubCategory":"Insert"}
{"level":"info","ts":"2024-06-24T05:40:19.906Z","msg":"","AppName":"myApp","LoggerName":"Zap","Path":"/api/redis/send-otp","Latency":0.005335742,"Category":"RequestResponse","SubCategory":"Api"}
{"level":"info","ts":"2024-06-24T05:46:11.708Z","msg":"result is:[{294930 false}]","AppName":"myApp","LoggerName":"Zap"}
{"level":"info","ts":"2024-06-24T05:46:11.709Z","msg":"can not set otp code: [the otp exists]","AppName":"myApp","LoggerName":"Zap"}
{"level":"info","ts":"2024-06-24T05:46:11.709Z","msg":"","AppName":"myApp","LoggerName":"Zap","Path":"/api/redis/send-otp","Latency":0.004001459,"Category":"RequestResponse","SubCategory":"Api"}
{"level":"info","ts":"2024-06-24T05:47:11.184Z","msg":"failed to get from redis:[redis: nil]","AppName":"myApp","LoggerName":"Zap"}
{"level":"info","ts":"2024-06-24T05:47:11.186Z","msg":"data set successfully","AppName":"myApp","LoggerName":"Zap","Category":"Internal","SubCategory":"Insert"}
{"level":"info","ts":"2024-06-24T05:47:11.186Z","msg":"","AppName":"myApp","LoggerName":"Zap","Path":"/api/redis/send-otp","Latency":0.004253831,"Category":"RequestResponse","SubCategory":"Api"}
{"level":"info","ts":"2024-06-24T05:54:20.079Z","msg":"result is:[{153514 false}]","AppName":"myApp","LoggerName":"Zap"}
{"level":"info","ts":"2024-06-24T05:54:20.079Z","msg":"the otp is not valid","AppName":"myApp","LoggerName":"Zap","Category":"OTP","SubCategory":"Select"}
{"level":"info","ts":"2024-06-24T05:54:20.079Z","msg":"","AppName":"myApp","LoggerName":"Zap","Path":"/api/register-login-mobile","Latency":0.005596859,"Category":"RequestResponse","SubCategory":"Api"}
{"level":"info","ts":"2024-06-24T05:54:30.090Z","msg":"result is:[{153514 false}]","AppName":"myApp","LoggerName":"Zap"}
{"level":"info","ts":"2024-06-24T05:54:30.090Z","msg":"the otp is not valid","AppName":"myApp","LoggerName":"Zap","SubCategory":"Select","Category":"OTP"}
{"level":"info","ts":"2024-06-24T05:54:30.090Z","msg":"","AppName":"myApp","LoggerName":"Zap","Path":"/api/register-login-mobile","Latency":0.001510717,"Category":"RequestResponse","SubCategory":"Api"}
{"level":"info","ts":"2024-06-24T05:54:41.913Z","msg":"result is:[{153514 false}]","AppName":"myApp","LoggerName":"Zap"}
{"level":"info","ts":"2024-06-24T05:54:41.913Z","msg":"the otp is not valid","AppName":"myApp","LoggerName":"Zap","Category":"OTP","SubCategory":"Select"}
{"level":"info","ts":"2024-06-24T05:54:41.913Z","msg":"","AppName":"myApp","LoggerName":"Zap","Path":"/api/register-login-mobile","Latency":0.002522278,"Category":"RequestResponse","SubCategory":"Api"}
{"level":"info","ts":"2024-06-24T05:54:46.394Z","msg":"result is:[{153514 false}]","AppName":"myApp","LoggerName":"Zap"}
{"level":"info","ts":"2024-06-24T05:54:46.396Z","msg":"data set successfully","AppName":"myApp","LoggerName":"Zap","Category":"Internal","SubCategory":"Insert"}
{"level":"info","ts":"2024-06-24T05:54:46.411Z","msg":"Record(mobile_number) not found","AppName":"myApp","LoggerName":"Zap","Category":"Postgres","SubCategory":"Api"}
{"level":"info","ts":"2024-06-24T05:54:46.411Z","msg":"","AppName":"myApp","LoggerName":"Zap","Path":"/api/register-login-mobile","Latency":0.021181188,"Category":"RequestResponse","SubCategory":"Api"}
{"level":"info","ts":"2024-06-24T05:54:52.322Z","msg":"result is:[{153514 true}]","AppName":"myApp","LoggerName":"Zap"}
{"level":"info","ts":"2024-06-24T05:54:52.322Z","msg":"the otp is used","AppName":"myApp","LoggerName":"Zap","Category":"OTP","SubCategory":"Select"}
{"level":"info","ts":"2024-06-24T05:54:52.322Z","msg":"","AppName":"myApp","LoggerName":"Zap","Path":"/api/register-login-mobile","Latency":0.003203319,"Category":"RequestResponse","SubCategory":"Api"}
{"level":"info","ts":"2024-06-24T05:55:37.546Z","msg":"result is:[{153514 false}]","AppName":"myApp","LoggerName":"Zap"}
{"level":"info","ts":"2024-06-24T05:55:37.552Z","msg":"data set successfully","AppName":"myApp","LoggerName":"Zap","Category":"Internal","SubCategory":"Insert"}
{"level":"info","ts":"2024-06-24T05:55:37.569Z","msg":"Record(mobile_number) not found","AppName":"myApp","LoggerName":"Zap","Category":"Postgres","SubCategory":"Api"}
{"level":"info","ts":"2024-06-24T05:55:37.569Z","msg":"","AppName":"myApp","LoggerName":"Zap","Category":"RequestResponse","SubCategory":"Api","Path":"/api/register-login-mobile","Latency":0.025039661}
{"level":"info","ts":"2024-06-24T05:56:39.842Z","msg":"result is:[{294930 false}]","AppName":"myApp","LoggerName":"Zap"}
{"level":"info","ts":"2024-06-24T05:56:39.842Z","msg":"the otp is not valid","AppName":"myApp","LoggerName":"Zap","Category":"OTP","SubCategory":"Select"}
{"level":"info","ts":"2024-06-24T05:56:39.842Z","msg":"","AppName":"myApp","LoggerName":"Zap","Category":"RequestResponse","SubCategory":"Api","Path":"/api/register-login-mobile","Latency":0.002730518}
{"level":"info","ts":"2024-06-24T05:56:46.284Z","msg":"result is:[{294930 false}]","AppName":"myApp","LoggerName":"Zap"}
{"level":"info","ts":"2024-06-24T05:56:46.285Z","msg":"data set successfully","AppName":"myApp","LoggerName":"Zap","Category":"Internal","SubCategory":"Insert"}
{"level":"info","ts":"2024-06-24T05:56:46.359Z","msg":"","AppName":"myApp","LoggerName":"Zap","Latency":0.079341133,"Category":"RequestResponse","SubCategory":"Api","Path":"/api/register-login-mobile"}
