{"level":"info","ts":"2024-11-30T08:02:46.359+0330","msg":"Redis connected successfully","AppName":"myApp","LoggerName":"Zap","Category":"Redis","SubCategory":"Migration"}
{"level":"info","ts":"2024-11-30T08:02:46.359+0330","msg":"Redis is already configured","AppName":"myApp","LoggerName":"Zap","Category":"Redis","SubCategory":"Migration"}
{"level":"info","ts":"2024-11-30T08:02:46.368+0330","msg":"Postgres connected successfully","AppName":"myApp","LoggerName":"Zap","Category":"Postgres","SubCategory":"Migration"}
{"level":"info","ts":"2024-11-30T08:02:56.068+0330","msg":"Record(mobile) not found","AppName":"myApp","LoggerName":"Zap","Category":"Postgres","SubCategory":"Api"}
{"level":"info","ts":"2024-11-30T08:02:56.070+0330","msg":"failed to get from redis:[redis: nil]","AppName":"myApp","LoggerName":"Zap"}
{"level":"info","ts":"2024-11-30T08:02:56.070+0330","msg":"redis: nil","AppName":"myApp","LoggerName":"Zap","SubCategory":"Select","Category":"OTP"}
{"level":"info","ts":"2024-11-30T08:02:56.070+0330","msg":"","AppName":"myApp","LoggerName":"Zap","Category":"RequestResponse","SubCategory":"Api","Path":"/api/register-login-mobile","Latency":0.011794218}
{"level":"info","ts":"2024-11-30T08:02:57.534+0330","msg":"Record(mobile) not found","AppName":"myApp","LoggerName":"Zap","Category":"Postgres","SubCategory":"Api"}
{"level":"info","ts":"2024-11-30T08:02:57.535+0330","msg":"failed to get from redis:[redis: nil]","AppName":"myApp","LoggerName":"Zap"}
{"level":"info","ts":"2024-11-30T08:02:57.536+0330","msg":"redis: nil","AppName":"myApp","LoggerName":"Zap","Category":"OTP","SubCategory":"Select"}
{"level":"info","ts":"2024-11-30T08:02:57.536+0330","msg":"","AppName":"myApp","LoggerName":"Zap","Category":"RequestResponse","SubCategory":"Api","Path":"/api/register-login-mobile","Latency":0.012271662}
{"level":"info","ts":"2024-11-30T08:02:59.219+0330","msg":"Record(mobile) not found","AppName":"myApp","LoggerName":"Zap","Category":"Postgres","SubCategory":"Api"}
{"level":"info","ts":"2024-11-30T08:02:59.223+0330","msg":"failed to get from redis:[redis: nil]","AppName":"myApp","LoggerName":"Zap"}
{"level":"info","ts":"2024-11-30T08:02:59.223+0330","msg":"redis: nil","AppName":"myApp","LoggerName":"Zap","Category":"OTP","SubCategory":"Select"}
{"level":"info","ts":"2024-11-30T08:02:59.223+0330","msg":"","AppName":"myApp","LoggerName":"Zap","Path":"/api/register-login-mobile","Latency":0.013165878,"Category":"RequestResponse","SubCategory":"Api"}
{"level":"info","ts":"2024-11-30T08:03:01.391+0330","msg":"","AppName":"myApp","LoggerName":"Zap","Path":"/swagger/index.html","Latency":0.000177,"Category":"RequestResponse","SubCategory":"Api"}
{"level":"info","ts":"2024-11-30T08:03:01.441+0330","msg":"","AppName":"myApp","LoggerName":"Zap","Category":"RequestResponse","SubCategory":"Api","Path":"/swagger/swagger-ui-standalone-preset.js","Latency":0.003815253}
{"level":"info","ts":"2024-11-30T08:03:01.443+0330","msg":"","AppName":"myApp","LoggerName":"Zap","Path":"/swagger/swagger-ui.css","Latency":0.013077938,"Category":"RequestResponse","SubCategory":"Api"}
{"level":"info","ts":"2024-11-30T08:03:01.457+0330","msg":"","AppName":"myApp","LoggerName":"Zap","Latency":0.021098133,"Category":"RequestResponse","SubCategory":"Api","Path":"/swagger/swagger-ui-bundle.js"}
{"level":"info","ts":"2024-11-30T08:03:01.665+0330","msg":"","AppName":"myApp","LoggerName":"Zap","Path":"/swagger/doc.json","Latency":0.002587734,"Category":"RequestResponse","SubCategory":"Api"}
{"level":"info","ts":"2024-11-30T08:03:01.728+0330","msg":"","AppName":"myApp","LoggerName":"Zap","Path":"/swagger/favicon-32x32.png","Latency":0.000037369,"Category":"RequestResponse","SubCategory":"Api"}
{"level":"info","ts":"2024-11-30T08:03:17.369+0330","msg":"Record(mobile) not found","AppName":"myApp","LoggerName":"Zap","Category":"Postgres","SubCategory":"Api"}
{"level":"info","ts":"2024-11-30T08:03:17.372+0330","msg":"failed to get from redis:[redis: nil]","AppName":"myApp","LoggerName":"Zap"}
{"level":"info","ts":"2024-11-30T08:03:17.372+0330","msg":"redis: nil","AppName":"myApp","LoggerName":"Zap","Category":"OTP","SubCategory":"Select"}
{"level":"info","ts":"2024-11-30T08:03:17.372+0330","msg":"","AppName":"myApp","LoggerName":"Zap","Latency":0.010949084,"Category":"RequestResponse","SubCategory":"Api","Path":"/api/register-login-mobile"}
{"level":"info","ts":"2024-11-30T08:03:19.422+0330","msg":"Record(mobile) not found","AppName":"myApp","LoggerName":"Zap","Category":"Postgres","SubCategory":"Api"}
{"level":"info","ts":"2024-11-30T08:03:19.424+0330","msg":"failed to get from redis:[redis: nil]","AppName":"myApp","LoggerName":"Zap"}
{"level":"info","ts":"2024-11-30T08:03:19.424+0330","msg":"redis: nil","AppName":"myApp","LoggerName":"Zap","Category":"OTP","SubCategory":"Select"}
{"level":"info","ts":"2024-11-30T08:03:19.425+0330","msg":"","AppName":"myApp","LoggerName":"Zap","Path":"/api/register-login-mobile","Latency":0.011886255,"Category":"RequestResponse","SubCategory":"Api"}
{"level":"info","ts":"2024-11-30T08:03:28.395+0330","msg":"failed to get from redis:[redis: nil]","AppName":"myApp","LoggerName":"Zap"}
{"level":"info","ts":"2024-11-30T08:03:28.396+0330","msg":"data set successfully","AppName":"myApp","LoggerName":"Zap","SubCategory":"Insert","Category":"Internal"}
{"level":"info","ts":"2024-11-30T08:03:28.396+0330","msg":"","AppName":"myApp","LoggerName":"Zap","Path":"/api/send-otp","Latency":0.004242258,"Category":"RequestResponse","SubCategory":"Api"}
{"level":"info","ts":"2024-11-30T08:03:35.068+0330","msg":"Record(mobile) not found","AppName":"myApp","LoggerName":"Zap","SubCategory":"Api","Category":"Postgres"}
{"level":"info","ts":"2024-11-30T08:03:35.070+0330","msg":"result is:[{487867 false}]","AppName":"myApp","LoggerName":"Zap"}
{"level":"info","ts":"2024-11-30T08:03:35.070+0330","msg":"the otp is not valid","AppName":"myApp","LoggerName":"Zap","Category":"OTP","SubCategory":"Select"}
{"level":"info","ts":"2024-11-30T08:03:35.070+0330","msg":"","AppName":"myApp","LoggerName":"Zap","Path":"/api/register-login-mobile","Latency":0.013152654,"Category":"RequestResponse","SubCategory":"Api"}
{"level":"info","ts":"2024-11-30T08:03:38.400+0330","msg":"Record(mobile) not found","AppName":"myApp","LoggerName":"Zap","Category":"Postgres","SubCategory":"Api"}
{"level":"info","ts":"2024-11-30T08:03:38.406+0330","msg":"result is:[{487867 false}]","AppName":"myApp","LoggerName":"Zap"}
{"level":"info","ts":"2024-11-30T08:03:38.406+0330","msg":"the otp is not valid","AppName":"myApp","LoggerName":"Zap","Category":"OTP","SubCategory":"Select"}
{"level":"info","ts":"2024-11-30T08:03:38.406+0330","msg":"","AppName":"myApp","LoggerName":"Zap","Path":"/api/register-login-mobile","Latency":0.015361809,"Category":"RequestResponse","SubCategory":"Api"}
{"level":"info","ts":"2024-11-30T08:03:42.597+0330","msg":"Record(mobile) not found","AppName":"myApp","LoggerName":"Zap","Category":"Postgres","SubCategory":"Api"}
{"level":"info","ts":"2024-11-30T08:03:42.598+0330","msg":"result is:[{487867 false}]","AppName":"myApp","LoggerName":"Zap"}
{"level":"info","ts":"2024-11-30T08:03:42.599+0330","msg":"the otp is not valid","AppName":"myApp","LoggerName":"Zap","Category":"OTP","SubCategory":"Select"}
{"level":"info","ts":"2024-11-30T08:03:42.599+0330","msg":"","AppName":"myApp","LoggerName":"Zap","Category":"RequestResponse","SubCategory":"Api","Path":"/api/register-login-mobile","Latency":0.011616496}
{"level":"info","ts":"2024-11-30T08:03:44.455+0330","msg":"Record(mobile) not found","AppName":"myApp","LoggerName":"Zap","SubCategory":"Api","Category":"Postgres"}
{"level":"info","ts":"2024-11-30T08:03:44.458+0330","msg":"result is:[{487867 false}]","AppName":"myApp","LoggerName":"Zap"}
{"level":"info","ts":"2024-11-30T08:03:44.458+0330","msg":"the otp is not valid","AppName":"myApp","LoggerName":"Zap","Category":"OTP","SubCategory":"Select"}
{"level":"info","ts":"2024-11-30T08:03:44.458+0330","msg":"","AppName":"myApp","LoggerName":"Zap","SubCategory":"Api","Path":"/api/register-login-mobile","Latency":0.019373321,"Category":"RequestResponse"}
{"level":"info","ts":"2024-11-30T08:03:48.096+0330","msg":"Record(mobile) not found","AppName":"myApp","LoggerName":"Zap","Category":"Postgres","SubCategory":"Api"}
{"level":"info","ts":"2024-11-30T08:03:48.108+0330","msg":"result is:[{487867 false}]","AppName":"myApp","LoggerName":"Zap"}
{"level":"info","ts":"2024-11-30T08:03:48.115+0330","msg":"data set successfully","AppName":"myApp","LoggerName":"Zap","Category":"Internal","SubCategory":"Insert"}
{"level":"info","ts":"2024-11-30T08:03:48.218+0330","msg":"","AppName":"myApp","LoggerName":"Zap","Path":"/api/register-login-mobile","Latency":0.135626547,"Category":"RequestResponse","SubCategory":"Api"}
