{"level":"info","ts":"2024-04-03T10:54:53.692Z","msg":"Redis connected successfully","AppName":"myApp","LoggerName":"Zap","SubCategory":"Migration","Category":"Redis"}
{"level":"info","ts":"2024-04-03T10:54:53.692Z","msg":"Redis is already configured","AppName":"myApp","LoggerName":"Zap","Category":"Redis","SubCategory":"Migration"}
{"level":"info","ts":"2024-04-03T10:54:53.796Z","msg":"Postgres connected successfully","AppName":"myApp","LoggerName":"Zap","Category":"Postgres","SubCategory":"Migration"}
{"level":"info","ts":"2024-04-03T10:54:59.276Z","msg":"","AppName":"myApp","LoggerName":"Zap","Path":"/api/v1/health/","Latency":0.000017019,"Category":"RequestResponse","SubCategory":"Api"}
{"level":"info","ts":"2024-04-03T10:55:02.466Z","msg":"","AppName":"myApp","LoggerName":"Zap","Path":"/api/v1/health/","Latency":0.000008497,"Category":"RequestResponse","SubCategory":"Api"}
{"level":"info","ts":"2024-04-03T10:55:47.732Z","msg":"","AppName":"myApp","LoggerName":"Zap","Latency":0.000000296,"Category":"RequestResponse","SubCategory":"Api","Path":"/api/v1/health/21"}
{"level":"info","ts":"2024-04-03T10:55:55.565Z","msg":"","AppName":"myApp","LoggerName":"Zap","Latency":0.000010578,"Category":"RequestResponse","SubCategory":"Api","Path":"/api/v1/health/21"}
{"level":"info","ts":"2024-04-03T10:59:45.083Z","msg":"","AppName":"myApp","LoggerName":"Zap","SubCategory":"Api","Path":"/api/v1/test/21","Latency":0.000000307,"Category":"RequestResponse"}
{"level":"info","ts":"2024-04-03T11:00:03.233Z","msg":"","AppName":"myApp","LoggerName":"Zap","Path":"/api/v1/test/?id=2","Latency":0.00003038,"Category":"RequestResponse","SubCategory":"Api"}
{"level":"info","ts":"2024-04-03T11:00:12.584Z","msg":"","AppName":"myApp","LoggerName":"Zap","Path":"/api/v1/test/","Latency":0.000021619,"Category":"RequestResponse","SubCategory":"Api"}
{"level":"info","ts":"2024-04-03T11:00:35.875Z","msg":"","AppName":"myApp","LoggerName":"Zap","Path":"/api/v1/test/query","Latency":0.000011886,"Category":"RequestResponse","SubCategory":"Api"}
{"level":"info","ts":"2024-04-03T11:00:50.751Z","msg":"","AppName":"myApp","LoggerName":"Zap","Latency":0.000014471,"Category":"RequestResponse","SubCategory":"Api","Path":"/api/v1/test/query?id=2"}
{"level":"info","ts":"2024-04-03T11:01:08.313Z","msg":"","AppName":"myApp","LoggerName":"Zap","Category":"RequestResponse","SubCategory":"Api","Path":"/api/v1/test/query?id=2&?name=3","Latency":0.000013213}
{"level":"info","ts":"2024-04-03T11:01:20.368Z","msg":"","AppName":"myApp","LoggerName":"Zap","Path":"/api/v1/test/query?id=2&name=3","Latency":0.000012053,"Category":"RequestResponse","SubCategory":"Api"}
{"level":"info","ts":"2024-04-03T11:02:06.168Z","msg":"","AppName":"myApp","LoggerName":"Zap","Path":"/api/v1/test/query2/2/3","Latency":0.000012848,"Category":"RequestResponse","SubCategory":"Api"}
{"level":"info","ts":"2024-04-03T11:02:08.281Z","msg":"","AppName":"myApp","LoggerName":"Zap","Path":"/api/v1/test/query2/2/31","Latency":0.000011579,"Category":"RequestResponse","SubCategory":"Api"}
{"level":"info","ts":"2024-04-03T11:04:07.880Z","msg":"","AppName":"myApp","LoggerName":"Zap","Path":"/api/v3/form/","Latency":0.000148346,"Category":"RequestResponse","SubCategory":"Api"}
{"level":"info","ts":"2024-04-03T11:06:05.685Z","msg":"","AppName":"myApp","LoggerName":"Zap","Category":"RequestResponse","SubCategory":"Api","Path":"/api/v3/form/","Latency":0.000435905}
{"level":"info","ts":"2024-04-03T11:06:37.310Z","msg":"","AppName":"myApp","LoggerName":"Zap","SubCategory":"Api","Path":"/api/v3/form/","Latency":0.000081603,"Category":"RequestResponse"}
{"level":"info","ts":"2024-04-03T11:07:16.773Z","msg":"","AppName":"myApp","LoggerName":"Zap","Path":"/api/v3/form/","Latency":0.00091323,"Category":"RequestResponse","SubCategory":"Api"}
{"level":"info","ts":"2024-04-03T11:07:36.289Z","msg":"","AppName":"myApp","LoggerName":"Zap","Path":"/api/v3/form/","Latency":0.000024902,"Category":"RequestResponse","SubCategory":"Api"}
{"level":"info","ts":"2024-04-03T11:07:48.777Z","msg":"","AppName":"myApp","LoggerName":"Zap","Category":"RequestResponse","SubCategory":"Api","Path":"/api/v3/form/","Latency":0.000026}
{"level":"info","ts":"2024-04-03T11:07:54.687Z","msg":"","AppName":"myApp","LoggerName":"Zap","Path":"/api/v3/form/","Latency":0.000024534,"Category":"RequestResponse","SubCategory":"Api"}
{"level":"info","ts":"2024-04-03T11:08:29.653Z","msg":"","AppName":"myApp","LoggerName":"Zap","Path":"/api/v3/form/","Latency":0.000052024,"Category":"RequestResponse","SubCategory":"Api"}
{"level":"info","ts":"2024-04-03T11:08:31.143Z","msg":"","AppName":"myApp","LoggerName":"Zap","Path":"/api/v3/form/","Latency":0.000033786,"Category":"RequestResponse","SubCategory":"Api"}
{"level":"info","ts":"2024-04-03T11:08:35.192Z","msg":"","AppName":"myApp","LoggerName":"Zap","Path":"/api/v3/form/","Latency":0.000146391,"Category":"RequestResponse","SubCategory":"Api"}
{"level":"info","ts":"2024-04-03T11:08:44.011Z","msg":"","AppName":"myApp","LoggerName":"Zap","Path":"/api/v3/form/","Latency":0.000196774,"Category":"RequestResponse","SubCategory":"Api"}
{"level":"info","ts":"2024-04-03T11:08:47.680Z","msg":"","AppName":"myApp","LoggerName":"Zap","Path":"/api/v3/form/","Latency":0.000329053,"Category":"RequestResponse","SubCategory":"Api"}
