{"level":"info","ts":"2024-06-26T05:04:16.182Z","msg":"Redis connected successfully","AppName":"myApp","LoggerName":"Zap","Category":"Redis","SubCategory":"Migration"}
{"level":"info","ts":"2024-06-26T05:04:16.183Z","msg":"Redis is already configured","AppName":"myApp","LoggerName":"Zap","Category":"Redis","SubCategory":"Migration"}
{"level":"info","ts":"2024-06-26T05:04:16.322Z","msg":"Postgres connected successfully","AppName":"myApp","LoggerName":"Zap","Category":"Postgres","SubCategory":"Migration"}
{"level":"info","ts":"2024-06-26T05:05:12.321Z","msg":"","AppName":"myApp","LoggerName":"Zap","Path":"/","Latency":0.000000444,"Category":"RequestResponse","SubCategory":"Api"}
{"level":"info","ts":"2024-06-26T05:05:12.399Z","msg":"","AppName":"myApp","LoggerName":"Zap","Path":"/favicon.ico","Latency":0.000000507,"Category":"RequestResponse","SubCategory":"Api"}
{"level":"info","ts":"2024-06-26T05:05:13.969Z","msg":"","AppName":"myApp","LoggerName":"Zap","Category":"RequestResponse","SubCategory":"Api","Path":"/","Latency":0.000000346}
{"level":"info","ts":"2024-06-26T05:06:03.115Z","msg":"","AppName":"myApp","LoggerName":"Zap","Path":"/api/register-login-mobile","Latency":0.000000798,"Category":"RequestResponse","SubCategory":"Api"}
{"level":"info","ts":"2024-06-26T05:06:06.260Z","msg":"","AppName":"myApp","LoggerName":"Zap","Path":"/api/register-login-mobile","Latency":0.000000337,"Category":"RequestResponse","SubCategory":"Api"}
{"level":"info","ts":"2024-06-26T05:06:09.314Z","msg":"","AppName":"myApp","LoggerName":"Zap","SubCategory":"Api","Path":"/api/register-login-mobile","Latency":0.000002989,"Category":"RequestResponse"}
{"level":"info","ts":"2024-06-26T05:06:10.496Z","msg":"","AppName":"myApp","LoggerName":"Zap","Category":"RequestResponse","SubCategory":"Api","Path":"/api/register-login-mobile","Latency":0.000000313}
{"level":"info","ts":"2024-06-26T05:06:11.523Z","msg":"","AppName":"myApp","LoggerName":"Zap","Path":"/api/register-login-mobile","Latency":0.000001441,"Category":"RequestResponse","SubCategory":"Api"}
{"level":"info","ts":"2024-06-26T05:06:12.736Z","msg":"","AppName":"myApp","LoggerName":"Zap","Path":"/api/register-login-mobile","Latency":0.00000022,"Category":"RequestResponse","SubCategory":"Api"}
{"level":"info","ts":"2024-06-26T05:07:23.136Z","msg":"","AppName":"myApp","LoggerName":"Zap","Path":"/swagger/","Latency":0.000054028,"Category":"RequestResponse","SubCategory":"Api"}
{"level":"info","ts":"2024-06-26T05:07:27.497Z","msg":"","AppName":"myApp","LoggerName":"Zap","Path":"/swagger/api","Latency":0.000013846,"Category":"RequestResponse","SubCategory":"Api"}
{"level":"info","ts":"2024-06-26T05:08:10.960Z","msg":"","AppName":"myApp","LoggerName":"Zap","Path":"/swagger/docs.go","Latency":0.000014857,"Category":"RequestResponse","SubCategory":"Api"}
{"level":"info","ts":"2024-06-26T05:08:16.302Z","msg":"","AppName":"myApp","LoggerName":"Zap","Path":"/swagger/","Latency":0.000011315,"Category":"RequestResponse","SubCategory":"Api"}
{"level":"info","ts":"2024-06-26T05:09:44.538Z","msg":"","AppName":"myApp","LoggerName":"Zap","Path":"/swagger/index.html","Latency":0.000360278,"Category":"RequestResponse","SubCategory":"Api"}
{"level":"info","ts":"2024-06-26T05:09:44.591Z","msg":"","AppName":"myApp","LoggerName":"Zap","Path":"/swagger/swagger-ui.css","Latency":0.010008149,"Category":"RequestResponse","SubCategory":"Api"}
{"level":"info","ts":"2024-06-26T05:09:44.591Z","msg":"","AppName":"myApp","LoggerName":"Zap","Path":"/swagger/swagger-ui-standalone-preset.js","Latency":0.019613783,"Category":"RequestResponse","SubCategory":"Api"}
{"level":"info","ts":"2024-06-26T05:09:44.599Z","msg":"","AppName":"myApp","LoggerName":"Zap","Latency":0.017730703,"Category":"RequestResponse","SubCategory":"Api","Path":"/swagger/swagger-ui-bundle.js"}
{"level":"info","ts":"2024-06-26T05:09:44.826Z","msg":"","AppName":"myApp","LoggerName":"Zap","Category":"RequestResponse","SubCategory":"Api","Path":"/swagger/doc.json","Latency":0.000085184}
{"level":"info","ts":"2024-06-26T05:09:44.913Z","msg":"","AppName":"myApp","LoggerName":"Zap","Path":"/swagger/favicon-32x32.png","Latency":0.000030335,"Category":"RequestResponse","SubCategory":"Api"}
