{"level":"info","ts":"2024-11-30T07:53:33.688+0330","msg":"Redis connected successfully","AppName":"myApp","LoggerName":"Zap","Category":"Redis","SubCategory":"Migration"}
{"level":"info","ts":"2024-11-30T07:53:33.688+0330","msg":"Redis is already configured","AppName":"myApp","LoggerName":"Zap","Category":"Redis","SubCategory":"Migration"}
{"level":"info","ts":"2024-11-30T07:53:34.049+0330","msg":"Postgres connected successfully","AppName":"myApp","LoggerName":"Zap","Category":"Postgres","SubCategory":"Migration"}
{"level":"info","ts":"2024-11-30T07:54:10.800+0330","msg":"","AppName":"myApp","LoggerName":"Zap","Path":"/swagger/index.html","Latency":0.000178504,"Category":"RequestResponse","SubCategory":"Api"}
{"level":"info","ts":"2024-11-30T07:54:11.032+0330","msg":"","AppName":"myApp","LoggerName":"Zap","SubCategory":"Api","Path":"/swagger/swagger-ui-standalone-preset.js","Latency":0.003018016,"Category":"RequestResponse"}
{"level":"info","ts":"2024-11-30T07:54:11.033+0330","msg":"","AppName":"myApp","LoggerName":"Zap","Category":"RequestResponse","SubCategory":"Api","Path":"/swagger/swagger-ui.css","Latency":0.004823795}
{"level":"info","ts":"2024-11-30T07:54:11.085+0330","msg":"","AppName":"myApp","LoggerName":"Zap","Path":"/swagger/swagger-ui-bundle.js","Latency":0.01716225,"Category":"RequestResponse","SubCategory":"Api"}
{"level":"info","ts":"2024-11-30T07:54:11.399+0330","msg":"","AppName":"myApp","LoggerName":"Zap","Path":"/swagger/doc.json","Latency":0.000638686,"Category":"RequestResponse","SubCategory":"Api"}
{"level":"info","ts":"2024-11-30T07:55:48.325+0330","msg":"error has occured: [Key: 'OtpRequest.Mobile' Error:Field validation for 'Mobile' failed on the 'mobile' tag]","AppName":"myApp","LoggerName":"Zap"}
{"level":"info","ts":"2024-11-30T07:55:48.325+0330","msg":"","AppName":"myApp","LoggerName":"Zap","SubCategory":"Api","Path":"/api/send-otp","Latency":0.000820002,"Category":"RequestResponse"}
{"level":"info","ts":"2024-11-30T07:56:03.492+0330","msg":"failed to get from redis:[redis: nil]","AppName":"myApp","LoggerName":"Zap"}
{"level":"info","ts":"2024-11-30T07:56:03.496+0330","msg":"data set successfully","AppName":"myApp","LoggerName":"Zap","Category":"Internal","SubCategory":"Insert"}
{"level":"info","ts":"2024-11-30T07:56:03.496+0330","msg":"","AppName":"myApp","LoggerName":"Zap","Latency":0.05314009,"Category":"RequestResponse","SubCategory":"Api","Path":"/api/send-otp"}
{"level":"info","ts":"2024-11-30T07:58:49.783+0330","msg":"Record(mobile) not found","AppName":"myApp","LoggerName":"Zap","Category":"Postgres","SubCategory":"Api"}
{"level":"info","ts":"2024-11-30T07:58:49.961+0330","msg":"","AppName":"myApp","LoggerName":"Zap","Latency":0.190304643,"Category":"RequestResponse","SubCategory":"Api","Path":"/api/register-login-mobile"}
{"level":"info","ts":"2024-11-30T07:59:19.728+0330","msg":"result is:[{515701 false}]","AppName":"myApp","LoggerName":"Zap"}
{"level":"info","ts":"2024-11-30T07:59:19.728+0330","msg":"the otp is not valid","AppName":"myApp","LoggerName":"Zap","Category":"OTP","SubCategory":"Select"}
{"level":"info","ts":"2024-11-30T07:59:19.728+0330","msg":"","AppName":"myApp","LoggerName":"Zap","Category":"RequestResponse","SubCategory":"Api","Path":"/api/register-login-mobile","Latency":0.016151313}
{"level":"info","ts":"2024-11-30T07:59:23.163+0330","msg":"result is:[{515701 false}]","AppName":"myApp","LoggerName":"Zap"}
{"level":"info","ts":"2024-11-30T07:59:23.164+0330","msg":"the otp is not valid","AppName":"myApp","LoggerName":"Zap","Category":"OTP","SubCategory":"Select"}
{"level":"info","ts":"2024-11-30T07:59:23.164+0330","msg":"","AppName":"myApp","LoggerName":"Zap","Path":"/api/register-login-mobile","Latency":0.010929616,"Category":"RequestResponse","SubCategory":"Api"}
{"level":"info","ts":"2024-11-30T07:59:24.555+0330","msg":"result is:[{515701 false}]","AppName":"myApp","LoggerName":"Zap"}
{"level":"info","ts":"2024-11-30T07:59:24.555+0330","msg":"the otp is not valid","AppName":"myApp","LoggerName":"Zap","Category":"OTP","SubCategory":"Select"}
{"level":"info","ts":"2024-11-30T07:59:24.555+0330","msg":"","AppName":"myApp","LoggerName":"Zap","Path":"/api/register-login-mobile","Latency":0.010799053,"Category":"RequestResponse","SubCategory":"Api"}
{"level":"info","ts":"2024-11-30T08:02:26.794+0330","msg":"result is:[{515701 false}]","AppName":"myApp","LoggerName":"Zap"}
{"level":"info","ts":"2024-11-30T08:02:26.794+0330","msg":"the otp is not valid","AppName":"myApp","LoggerName":"Zap","Category":"OTP","SubCategory":"Select"}
{"level":"info","ts":"2024-11-30T08:02:26.794+0330","msg":"","AppName":"myApp","LoggerName":"Zap","Latency":0.012156969,"Category":"RequestResponse","SubCategory":"Api","Path":"/api/register-login-mobile"}
{"level":"info","ts":"2024-11-30T08:02:33.881+0330","msg":"Record(mobile) not found","AppName":"myApp","LoggerName":"Zap","Category":"Postgres","SubCategory":"Api"}
{"level":"info","ts":"2024-11-30T08:02:33.976+0330","msg":"","AppName":"myApp","LoggerName":"Zap","Category":"RequestResponse","SubCategory":"Api","Path":"/api/register-login-mobile","Latency":0.107936958}
{"level":"info","ts":"2024-11-30T08:02:37.082+0330","msg":"failed to get from redis:[redis: nil]","AppName":"myApp","LoggerName":"Zap"}
{"level":"info","ts":"2024-11-30T08:02:37.082+0330","msg":"redis: nil","AppName":"myApp","LoggerName":"Zap","Category":"OTP","SubCategory":"Select"}
{"level":"info","ts":"2024-11-30T08:02:37.082+0330","msg":"","AppName":"myApp","LoggerName":"Zap","Path":"/api/register-login-mobile","Latency":0.010568862,"Category":"RequestResponse","SubCategory":"Api"}
