{"level":"info","ts":"2024-08-24T05:33:24.702Z","msg":"Redis connected successfully","AppName":"myApp","LoggerName":"Zap","Category":"Redis","SubCategory":"Migration"}
{"level":"info","ts":"2024-08-24T05:33:24.702Z","msg":"Redis is already configured","AppName":"myApp","LoggerName":"Zap","Category":"Redis","SubCategory":"Migration"}
{"level":"info","ts":"2024-08-24T05:33:24.723Z","msg":"Postgres connected successfully","AppName":"myApp","LoggerName":"Zap","Category":"Postgres","SubCategory":"Migration"}
{"level":"info","ts":"2024-08-24T05:33:29.095Z","msg":"","AppName":"myApp","LoggerName":"Zap","Latency":0.000146296,"Category":"RequestResponse","SubCategory":"Api","Path":"/swagger/index.html"}
{"level":"info","ts":"2024-08-24T05:33:29.211Z","msg":"","AppName":"myApp","LoggerName":"Zap","Path":"/swagger/swagger-ui.css","Latency":0.065176325,"Category":"RequestResponse","SubCategory":"Api"}
{"level":"info","ts":"2024-08-24T05:33:29.223Z","msg":"","AppName":"myApp","LoggerName":"Zap","Latency":0.083449575,"Category":"RequestResponse","SubCategory":"Api","Path":"/swagger/swagger-ui-standalone-preset.js"}
{"level":"info","ts":"2024-08-24T05:33:29.291Z","msg":"","AppName":"myApp","LoggerName":"Zap","Path":"/swagger/swagger-ui-bundle.js","Latency":0.145185021,"Category":"RequestResponse","SubCategory":"Api"}
{"level":"info","ts":"2024-08-24T05:33:29.475Z","msg":"","AppName":"myApp","LoggerName":"Zap","Path":"/swagger/doc.json","Latency":0.000797506,"Category":"RequestResponse","SubCategory":"Api"}
{"level":"info","ts":"2024-08-24T05:33:29.491Z","msg":"","AppName":"myApp","LoggerName":"Zap","Path":"/swagger/favicon-32x32.png","Latency":0.000051782,"Category":"RequestResponse","SubCategory":"Api"}
{"level":"info","ts":"2024-08-24T05:33:31.367Z","msg":"","AppName":"myApp","LoggerName":"Zap","Category":"RequestResponse","SubCategory":"Api","Path":"/swagger/index.html","Latency":0.000064578}
{"level":"info","ts":"2024-08-24T05:33:31.415Z","msg":"","AppName":"myApp","LoggerName":"Zap","SubCategory":"Api","Path":"/swagger/swagger-ui.css","Latency":0.000025551,"Category":"RequestResponse"}
{"level":"info","ts":"2024-08-24T05:33:31.431Z","msg":"","AppName":"myApp","LoggerName":"Zap","SubCategory":"Api","Path":"/swagger/swagger-ui-standalone-preset.js","Latency":0.000031216,"Category":"RequestResponse"}
{"level":"info","ts":"2024-08-24T05:33:31.439Z","msg":"","AppName":"myApp","LoggerName":"Zap","Category":"RequestResponse","SubCategory":"Api","Path":"/swagger/swagger-ui-bundle.js","Latency":0.000096512}
{"level":"info","ts":"2024-08-24T05:33:31.583Z","msg":"","AppName":"myApp","LoggerName":"Zap","SubCategory":"Api","Path":"/swagger/doc.json","Latency":0.004529993,"Category":"RequestResponse"}
{"level":"info","ts":"2024-08-24T05:33:31.602Z","msg":"","AppName":"myApp","LoggerName":"Zap","Category":"RequestResponse","SubCategory":"Api","Path":"/swagger/favicon-32x32.png","Latency":0.000172039}
{"level":"info","ts":"2024-08-24T05:33:32.263Z","msg":"","AppName":"myApp","LoggerName":"Zap","Path":"/favicon.ico","Latency":0.000005566,"Category":"RequestResponse","SubCategory":"Api"}
{"level":"info","ts":"2024-08-24T05:33:34.534Z","msg":"","AppName":"myApp","LoggerName":"Zap","Category":"RequestResponse","SubCategory":"Api","Path":"/swagger/index.html","Latency":0.000051704}
{"level":"info","ts":"2024-08-24T05:33:34.587Z","msg":"","AppName":"myApp","LoggerName":"Zap","SubCategory":"Api","Path":"/swagger/swagger-ui.css","Latency":0.000026884,"Category":"RequestResponse"}
{"level":"info","ts":"2024-08-24T05:33:34.599Z","msg":"","AppName":"myApp","LoggerName":"Zap","Path":"/swagger/swagger-ui-bundle.js","Latency":0.000041392,"Category":"RequestResponse","SubCategory":"Api"}
{"level":"info","ts":"2024-08-24T05:33:34.599Z","msg":"","AppName":"myApp","LoggerName":"Zap","Path":"/swagger/swagger-ui-standalone-preset.js","Latency":0.000025452,"Category":"RequestResponse","SubCategory":"Api"}
{"level":"info","ts":"2024-08-24T05:33:34.748Z","msg":"","AppName":"myApp","LoggerName":"Zap","Path":"/swagger/doc.json","Latency":0.015658745,"Category":"RequestResponse","SubCategory":"Api"}
{"level":"info","ts":"2024-08-24T05:33:34.772Z","msg":"","AppName":"myApp","LoggerName":"Zap","Latency":0.000051337,"Category":"RequestResponse","SubCategory":"Api","Path":"/swagger/favicon-32x32.png"}
{"level":"info","ts":"2024-08-24T05:33:40.095Z","msg":"","AppName":"myApp","LoggerName":"Zap","Path":"/swagger/index.html","Latency":0.000074314,"Category":"RequestResponse","SubCategory":"Api"}
{"level":"info","ts":"2024-08-24T05:33:40.143Z","msg":"","AppName":"myApp","LoggerName":"Zap","Path":"/swagger/swagger-ui.css","Latency":0.000044002,"Category":"RequestResponse","SubCategory":"Api"}
{"level":"info","ts":"2024-08-24T05:33:40.162Z","msg":"","AppName":"myApp","LoggerName":"Zap","Path":"/swagger/swagger-ui-bundle.js","Latency":0.00003127,"Category":"RequestResponse","SubCategory":"Api"}
{"level":"info","ts":"2024-08-24T05:33:40.163Z","msg":"","AppName":"myApp","LoggerName":"Zap","Latency":0.000018746,"Category":"RequestResponse","SubCategory":"Api","Path":"/swagger/swagger-ui-standalone-preset.js"}
{"level":"info","ts":"2024-08-24T05:33:40.288Z","msg":"","AppName":"myApp","LoggerName":"Zap","Path":"/swagger/doc.json","Latency":0.00120266,"Category":"RequestResponse","SubCategory":"Api"}
{"level":"info","ts":"2024-08-24T05:33:40.303Z","msg":"","AppName":"myApp","LoggerName":"Zap","Path":"/swagger/favicon-32x32.png","Latency":0.000046599,"Category":"RequestResponse","SubCategory":"Api"}
{"level":"info","ts":"2024-08-24T05:33:41.230Z","msg":"","AppName":"myApp","LoggerName":"Zap","Path":"/swagger/index.html","Latency":0.000063422,"Category":"RequestResponse","SubCategory":"Api"}
{"level":"info","ts":"2024-08-24T05:33:41.311Z","msg":"","AppName":"myApp","LoggerName":"Zap","Category":"RequestResponse","SubCategory":"Api","Path":"/swagger/doc.json","Latency":0.000335557}
{"level":"info","ts":"2024-08-24T05:33:42.478Z","msg":"","AppName":"myApp","LoggerName":"Zap","Path":"/swagger/index.html","Latency":0.000068823,"Category":"RequestResponse","SubCategory":"Api"}
{"level":"info","ts":"2024-08-24T05:33:42.510Z","msg":"","AppName":"myApp","LoggerName":"Zap","Latency":0.000025472,"Category":"RequestResponse","SubCategory":"Api","Path":"/swagger/swagger-ui.css"}
{"level":"info","ts":"2024-08-24T05:33:42.523Z","msg":"","AppName":"myApp","LoggerName":"Zap","Path":"/swagger/swagger-ui-bundle.js","Latency":0.000027836,"Category":"RequestResponse","SubCategory":"Api"}
{"level":"info","ts":"2024-08-24T05:33:42.524Z","msg":"","AppName":"myApp","LoggerName":"Zap","Path":"/swagger/swagger-ui-standalone-preset.js","Latency":0.000019483,"Category":"RequestResponse","SubCategory":"Api"}
{"level":"info","ts":"2024-08-24T05:33:42.659Z","msg":"","AppName":"myApp","LoggerName":"Zap","Path":"/swagger/doc.json","Latency":0.002220498,"Category":"RequestResponse","SubCategory":"Api"}
{"level":"info","ts":"2024-08-24T05:33:42.676Z","msg":"","AppName":"myApp","LoggerName":"Zap","Category":"RequestResponse","SubCategory":"Api","Path":"/swagger/favicon-32x32.png","Latency":0.000072878}
